Thu Sep 27 11:11:01 2018 120.732880,31.254468
Thu Sep 27 11:11:27 2018 120.733433,31.254761
Thu Sep 27 11:12:49 2018 120.733096,31.254927
Thu Sep 27 11:17:45 2018 120.733218,31.254788
Thu Sep 27 11:18:57 2018 120.733602,31.255056
Thu Sep 27 11:19:42 2018 120.732933,31.254841
Thu Sep 27 11:19:55 2018 120.733429,31.254939
Thu Sep 27 11:20:17 2018 120.733027,31.254613
Thu Sep 27 11:22:15 2018 120.733171,31.254734
Thu Sep 27 11:22:35 2018 120.733224,31.254756
Thu Sep 27 11:25:42 2018 120.733831,31.254424
Thu Sep 27 11:26:12 2018 120.733838,31.254456
Thu Sep 27 11:26:41 2018 120.733660,31.254374
Thu Sep 27 11:27:15 2018 120.732538,31.253389
Thu Sep 27 11:27:35 2018 120.732632,31.253420
Thu Sep 27 11:27:48 2018 120.732558,31.253527
Thu Sep 27 11:28:02 2018 120.732606,31.251431
Thu Sep 27 11:28:16 2018 120.732667,31.251532
Thu Sep 27 11:28:26 2018 120.732525,31.251399
Thu Sep 27 11:28:43 2018 120.732635,31.251483
Thu Sep 27 11:28:58 2018 120.732667,31.254413
Thu Sep 27 11:29:11 2018 120.732620,31.254533
Thu Sep 27 11:29:25 2018 120.732580,31.254447
Thu Sep 27 11:29:53 2018 120.732504,31.258447
Thu Sep 27 11:30:07 2018 120.732649,31.258437
Thu Sep 27 11:30:34 2018 120.732073,31.257770
Thu Sep 27 11:31:33 2018 120.732102,31.254574
Thu Sep 27 11:31:48 2018 120.733946,31.254436
Thu Sep 27 11:32:00 2018 120.733900,31.254592
Thu Sep 27 11:37:01 2018 120.733994,31.254239
Thu Sep 27 14:27:32 2018 120.733871,31.254405
Thu Sep 27 14:28:08 2018 120.733965,31.254396
Thu Sep 27 14:30:03 2018 120.733885,31.254257
Thu Sep 27 14:31:13 2018 120.733961,31.254291
Thu Sep 27 14:32:51 2018 120.733839,31.254371
Thu Sep 27 14:33:39 2018 120.729779,31.256360
Thu Sep 27 14:35:03 2018 120.730579,31.256317
Thu Sep 27 14:35:52 2018 120.729073,31.255935
Thu Sep 27 14:36:26 2018 120.729815,31.255511
Thu Sep 27 14:36:41 2018 120.729988,31.256368
Thu Sep 27 14:36:53 2018 120.729715,31.255863
Thu Sep 27 14:37:45 2018 120.729572,31.256018
Thu Sep 27 14:42:52 2018 120.730064,31.256209
Fri Sep 28 14:48:33 2018 120.729679,31.255894
Fri Sep 28 14:57:10 2018 120.730285,31.256758
Fri Sep 28 14:57:17 2018 120.730128,31.256687
Fri Sep 28 19:21:59 2018 120.729732,31.256305
Sat Sep 29 19:01:36 2018 120.729657,31.256131
Sun Sep 30 18:26:50 2018 120.730139,31.256563
Mon Oct  8 19:11:27 2018 120.730168,31.256734
